#
# A fatal error has been detected by the Java Runtime Environment:
#
#  Internal Error (javaClasses.cpp:129), pid=4004, tid=4884
#  fatal error: Invalid layout of preloaded class
#
# JRE version: 7.0_07-b11
# Java VM: Java HotSpot(TM) 64-Bit Server VM (23.3-b01 mixed mode windows-amd64 compressed oops)
# Failed to write core dump. Minidumps are not enabled by default on client versions of Windows
#
# If you would like to submit a bug report, please visit:
#   http://bugreport.sun.com/bugreport/crash.jsp
#

---------------  T H R E A D  ---------------

Current thread (0x0000000001dcc800):  JavaThread "Unknown thread" [_thread_in_vm, id=4884, stack(0x0000000002180000,0x0000000002280000)]

Stack: [0x0000000002180000,0x0000000002280000]

---------------  P R O C E S S  ---------------

Java Threads: ( => current thread )

Other Threads:

=>0x0000000001dcc800 (exited) JavaThread "Unknown thread" [_thread_in_vm, id=4884, stack(0x0000000002180000,0x0000000002280000)]

VM state:not at safepoint (not fully initialized)

VM Mutex/Monitor currently owned by a thread: None

GC Heap History (0 events):
No events

Deoptimization events (0 events):
No events

Internal exceptions (0 events):
No events

Events (10 events):
Event: 0.013 loading class 0x0000000001f4fd70 done
Event: 0.013 loading class 0x0000000001f12250 done
Event: 0.013 loading class 0x0000000001f12220
Event: 0.014 loading class 0x0000000001f9fcc0
Event: 0.014 loading class 0x0000000001f9fcc0 done
Event: 0.014 loading class 0x0000000001f9fd00
Event: 0.014 loading class 0x0000000001f9fd00 done
Event: 0.014 loading class 0x000000000859e180
Event: 0.014 loading class 0x000000000859e180 done
Event: 0.014 loading class 0x0000000001f12220 done


Dynamic libraries:
0x000000013f120000 - 0x000000013f154000 	C:\Program Files\Java\jre7\bin\javaw.exe
0x00000000776c0000 - 0x0000000077869000 	C:\Windows\SYSTEM32\ntdll.dll
0x0000000077390000 - 0x00000000774af000 	C:\Windows\system32\kernel32.dll
0x000007fefde80000 - 0x000007fefdeec000 	C:\Windows\system32\KERNELBASE.dll
0x000007feff5d0000 - 0x000007feff6ab000 	C:\Windows\system32\ADVAPI32.dll
0x000007feff4d0000 - 0x000007feff56f000 	C:\Windows\system32\msvcrt.dll
0x000007feff4b0000 - 0x000007feff4cf000 	C:\Windows\SYSTEM32\sechost.dll
0x000007feff2e0000 - 0x000007feff40d000 	C:\Windows\system32\RPCRT4.dll
0x0000000077290000 - 0x000000007738a000 	C:\Windows\system32\USER32.dll
0x000007fefe000000 - 0x000007fefe067000 	C:\Windows\system32\GDI32.dll
0x000007fefdff0000 - 0x000007fefdffe000 	C:\Windows\system32\LPK.dll
0x000007feff710000 - 0x000007feff7d9000 	C:\Windows\system32\USP10.dll
0x000007fefc490000 - 0x000007fefc684000 	C:\Windows\WinSxS\amd64_microsoft.windows.common-controls_6595b64144ccf1df_6.0.7601.17514_none_fa396087175ac9ac\COMCTL32.dll
0x000007fefdf70000 - 0x000007fefdfe1000 	C:\Windows\system32\SHLWAPI.dll
0x000007feff570000 - 0x000007feff59e000 	C:\Windows\system32\IMM32.DLL
0x000007feff7e0000 - 0x000007feff8e9000 	C:\Windows\system32\MSCTF.dll
0x0000000074020000 - 0x00000000740f1000 	C:\Program Files\Java\jre7\bin\msvcr100.dll
0x000000006f4e0000 - 0x000000006fbff000 	C:\Program Files\Java\jre7\bin\server\jvm.dll
0x000007fefa310000 - 0x000007fefa319000 	C:\Windows\system32\WSOCK32.dll
0x000007fefee00000 - 0x000007fefee4d000 	C:\Windows\system32\WS2_32.dll
0x000007feff5a0000 - 0x000007feff5a8000 	C:\Windows\system32\NSI.dll
0x000007fefb590000 - 0x000007fefb5cb000 	C:\Windows\system32\WINMM.dll
0x0000000077890000 - 0x0000000077897000 	C:\Windows\system32\PSAPI.DLL
0x0000000074a10000 - 0x0000000074a1f000 	C:\Program Files\Java\jre7\bin\verify.dll
0x00000000749e0000 - 0x0000000074a08000 	C:\Program Files\Java\jre7\bin\java.dll
0x00000000749c0000 - 0x00000000749d5000 	C:\Program Files\Java\jre7\bin\zip.dll

VM Arguments:
jvm_args: -Dfile.encoding=Cp1252 -Xbootclasspath:C:\Users\Alex\AppData\Local\Android\android-sdk\platforms\android-17\android.jar 
java_command: com.rhythm.generator.NotesGenerator
Launcher Type: SUN_STANDARD

Environment Variables:
PATH=C:\Program Files (x86)\AMD APP\bin\x86_64;C:\Program Files (x86)\AMD APP\bin\x86;C:\Program Files\Common Files\Microsoft Shared\Windows Live;C:\Program Files (x86)\Common Files\Microsoft Shared\Windows Live;C:\Windows\system32;C:\Windows;C:\Windows\System32\Wbem;C:\Windows\System32\WindowsPowerShell\v1.0\;C:\Program Files (x86)\ATI Technologies\ATI.ACE\Core-Static;c:\Program Files (x86)\Microsoft SQL Server\100\Tools\Binn\;c:\Program Files (x86)\Microsoft SQL Server\100\DTS\Binn\;C:\Program Files (x86)\Windows Live\Shared;C:\Program Files (x86)\GNU\GnuPG\pub
USERNAME=Alex
OS=Windows_NT
PROCESSOR_IDENTIFIER=Intel64 Family 6 Model 37 Stepping 2, GenuineIntel



---------------  S Y S T E M  ---------------

OS: Windows 7 , 64 bit Build 7601 Service Pack 1

CPU:total 4 (2 cores per cpu, 2 threads per core) family 6 model 37 stepping 2, cmov, cx8, fxsr, mmx, sse, sse2, sse3, ssse3, sse4.1, sse4.2, popcnt, ht, tsc, tscinvbit

Memory: 4k page, physical 4051456k(2292768k free), swap 8101060k(5874364k free)

vm_info: Java HotSpot(TM) 64-Bit Server VM (23.3-b01) for windows-amd64 JRE (1.7.0_07-b11), built on Sep  7 2012 01:19:25 by "java_re" with unknown MS VC++:1600

time: Sun Dec 02 10:01:12 2012
elapsed time: 0 seconds

